<?xml version="1.0" encoding="UTF-8"?>
<!-- Generated by org.testng.reporters.JUnitReportReporter -->
<testsuite hostname="DESKTOP-M6KGTFV" failures="0" tests="6" name="com.finalpa.Assessment" time="85.740" errors="0" timestamp="2025-02-15T15:29:06 IST" skipped="0">
  <testcase classname="com.finalpa.Assessment" name="user_Click_The_Parfum_Category" time="11.258"/>
  <testcase classname="com.finalpa.Assessment" name="user_Click_The_Parfum_Category" time="9.193"/>
  <testcase classname="com.finalpa.Assessment" name="user_Clicks_The_All_Filter_Options" time="28.969"/>
  <testcase classname="com.finalpa.Assessment" name="user_Clicks_The_All_Filter_Options" time="29.982"/>
  <testcase classname="com.finalpa.Assessment" name="validate_The_Listed_Products" time="4.794"/>
  <testcase classname="com.finalpa.Assessment" name="validate_The_Listed_Products" time="1.544"/>
</testsuite> <!-- com.finalpa.Assessment -->
